{"/Users/Varun_Kumar/Desktop/end-to-end-eval/end-to-end-backend/database/config/config.js": {"path":"/Users/Varun_Kumar/Desktop/end-to-end-eval/end-to-end-backend/database/config/config.js","statementMap":{"0":{"start":{"line":1,"column":0},"end":{"line":34,"column":2}}},"fnMap":{},"branchMap":{},"s":{"0":6},"f":{},"b":{},"_coverageSchema":"1a1c01bbd47fc00a2c39e90264f33305004495a9","hash":"31321849b689d98f397c1640332a231b2c941718"}
,"/Users/Varun_Kumar/Desktop/end-to-end-eval/end-to-end-backend/src/controllers/collections.js": {"path":"/Users/Varun_Kumar/Desktop/end-to-end-eval/end-to-end-backend/src/controllers/collections.js","statementMap":{"0":{"start":{"line":1,"column":26},"end":{"line":1,"column":60}},"1":{"start":{"line":3,"column":26},"end":{"line":7,"column":1}},"2":{"start":{"line":4,"column":24},"end":{"line":4,"column":34}},"3":{"start":{"line":5,"column":22},"end":{"line":5,"column":74}},"4":{"start":{"line":6,"column":2},"end":{"line":6,"column":36}},"5":{"start":{"line":9,"column":26},"end":{"line":18,"column":1}},"6":{"start":{"line":10,"column":38},"end":{"line":10,"column":48}},"7":{"start":{"line":11,"column":2},"end":{"line":17,"column":3}},"8":{"start":{"line":12,"column":23},"end":{"line":12,"column":89}},"9":{"start":{"line":13,"column":4},"end":{"line":13,"column":37}},"10":{"start":{"line":16,"column":4},"end":{"line":16,"column":54}},"11":{"start":{"line":20,"column":25},"end":{"line":30,"column":1}},"12":{"start":{"line":21,"column":24},"end":{"line":21,"column":34}},"13":{"start":{"line":22,"column":15},"end":{"line":22,"column":23}},"14":{"start":{"line":23,"column":2},"end":{"line":29,"column":3}},"15":{"start":{"line":24,"column":23},"end":{"line":24,"column":80}},"16":{"start":{"line":25,"column":4},"end":{"line":25,"column":37}},"17":{"start":{"line":28,"column":4},"end":{"line":28,"column":54}},"18":{"start":{"line":31,"column":25},"end":{"line":41,"column":1}},"19":{"start":{"line":32,"column":38},"end":{"line":32,"column":48}},"20":{"start":{"line":33,"column":15},"end":{"line":33,"column":23}},"21":{"start":{"line":34,"column":2},"end":{"line":40,"column":3}},"22":{"start":{"line":35,"column":23},"end":{"line":35,"column":94}},"23":{"start":{"line":36,"column":4},"end":{"line":36,"column":37}},"24":{"start":{"line":39,"column":4},"end":{"line":39,"column":54}},"25":{"start":{"line":42,"column":25},"end":{"line":51,"column":1}},"26":{"start":{"line":43,"column":38},"end":{"line":43,"column":48}},"27":{"start":{"line":44,"column":2},"end":{"line":50,"column":3}},"28":{"start":{"line":45,"column":23},"end":{"line":45,"column":88}},"29":{"start":{"line":46,"column":4},"end":{"line":46,"column":37}},"30":{"start":{"line":49,"column":4},"end":{"line":49,"column":54}},"31":{"start":{"line":52,"column":0},"end":{"line":52,"column":112}}},"fnMap":{"0":{"name":"(anonymous_0)","decl":{"start":{"line":3,"column":26},"end":{"line":3,"column":27}},"loc":{"start":{"line":3,"column":46},"end":{"line":7,"column":1}},"line":3},"1":{"name":"(anonymous_1)","decl":{"start":{"line":9,"column":26},"end":{"line":9,"column":27}},"loc":{"start":{"line":9,"column":46},"end":{"line":18,"column":1}},"line":9},"2":{"name":"(anonymous_2)","decl":{"start":{"line":20,"column":25},"end":{"line":20,"column":26}},"loc":{"start":{"line":20,"column":45},"end":{"line":30,"column":1}},"line":20},"3":{"name":"(anonymous_3)","decl":{"start":{"line":31,"column":25},"end":{"line":31,"column":26}},"loc":{"start":{"line":31,"column":45},"end":{"line":41,"column":1}},"line":31},"4":{"name":"(anonymous_4)","decl":{"start":{"line":42,"column":25},"end":{"line":42,"column":26}},"loc":{"start":{"line":42,"column":45},"end":{"line":51,"column":1}},"line":42}},"branchMap":{},"s":{"0":1,"1":1,"2":1,"3":1,"4":1,"5":1,"6":2,"7":2,"8":2,"9":1,"10":1,"11":1,"12":2,"13":2,"14":2,"15":2,"16":1,"17":1,"18":1,"19":2,"20":2,"21":2,"22":2,"23":1,"24":1,"25":1,"26":2,"27":2,"28":2,"29":1,"30":1,"31":1},"f":{"0":1,"1":2,"2":2,"3":2,"4":2},"b":{},"_coverageSchema":"1a1c01bbd47fc00a2c39e90264f33305004495a9","hash":"962f7cad94572fd86541d822846b5dd452239bdd"}
,"/Users/Varun_Kumar/Desktop/end-to-end-eval/end-to-end-backend/src/controllers/contents.js": {"path":"/Users/Varun_Kumar/Desktop/end-to-end-eval/end-to-end-backend/src/controllers/contents.js","statementMap":{"0":{"start":{"line":1,"column":23},"end":{"line":1,"column":54}},"1":{"start":{"line":3,"column":23},"end":{"line":6,"column":1}},"2":{"start":{"line":4,"column":19},"end":{"line":4,"column":56}},"3":{"start":{"line":5,"column":2},"end":{"line":5,"column":33}},"4":{"start":{"line":8,"column":23},"end":{"line":17,"column":1}},"5":{"start":{"line":9,"column":24},"end":{"line":9,"column":34}},"6":{"start":{"line":10,"column":2},"end":{"line":16,"column":3}},"7":{"start":{"line":11,"column":20},"end":{"line":11,"column":66}},"8":{"start":{"line":12,"column":4},"end":{"line":12,"column":34}},"9":{"start":{"line":15,"column":4},"end":{"line":15,"column":54}},"10":{"start":{"line":19,"column":22},"end":{"line":23,"column":1}},"11":{"start":{"line":20,"column":19},"end":{"line":20,"column":27}},"12":{"start":{"line":21,"column":18},"end":{"line":21,"column":60}},"13":{"start":{"line":22,"column":2},"end":{"line":22,"column":32}},"14":{"start":{"line":25,"column":26},"end":{"line":35,"column":1}},"15":{"start":{"line":26,"column":24},"end":{"line":26,"column":34}},"16":{"start":{"line":27,"column":19},"end":{"line":27,"column":27}},"17":{"start":{"line":28,"column":2},"end":{"line":34,"column":3}},"18":{"start":{"line":29,"column":20},"end":{"line":29,"column":77}},"19":{"start":{"line":30,"column":4},"end":{"line":30,"column":34}},"20":{"start":{"line":33,"column":4},"end":{"line":33,"column":54}},"21":{"start":{"line":37,"column":0},"end":{"line":37,"column":86}}},"fnMap":{"0":{"name":"(anonymous_0)","decl":{"start":{"line":3,"column":23},"end":{"line":3,"column":24}},"loc":{"start":{"line":3,"column":43},"end":{"line":6,"column":1}},"line":3},"1":{"name":"(anonymous_1)","decl":{"start":{"line":8,"column":23},"end":{"line":8,"column":24}},"loc":{"start":{"line":8,"column":43},"end":{"line":17,"column":1}},"line":8},"2":{"name":"(anonymous_2)","decl":{"start":{"line":19,"column":22},"end":{"line":19,"column":23}},"loc":{"start":{"line":19,"column":42},"end":{"line":23,"column":1}},"line":19},"3":{"name":"(anonymous_3)","decl":{"start":{"line":25,"column":26},"end":{"line":25,"column":27}},"loc":{"start":{"line":25,"column":46},"end":{"line":35,"column":1}},"line":25}},"branchMap":{},"s":{"0":1,"1":1,"2":1,"3":1,"4":1,"5":2,"6":2,"7":2,"8":1,"9":1,"10":1,"11":1,"12":1,"13":1,"14":1,"15":2,"16":2,"17":2,"18":2,"19":1,"20":1,"21":1},"f":{"0":1,"1":2,"2":1,"3":2},"b":{},"_coverageSchema":"1a1c01bbd47fc00a2c39e90264f33305004495a9","hash":"15d892a23d3b7ffd85a19fcc4b0091be284b2609"}
,"/Users/Varun_Kumar/Desktop/end-to-end-eval/end-to-end-backend/src/controllers/fields.js": {"path":"/Users/Varun_Kumar/Desktop/end-to-end-eval/end-to-end-backend/src/controllers/fields.js","statementMap":{"0":{"start":{"line":1,"column":21},"end":{"line":1,"column":50}},"1":{"start":{"line":3,"column":17},"end":{"line":14,"column":1}},"2":{"start":{"line":4,"column":24},"end":{"line":4,"column":34}},"3":{"start":{"line":5,"column":2},"end":{"line":5,"column":25}},"4":{"start":{"line":6,"column":16},"end":{"line":6,"column":24}},"5":{"start":{"line":7,"column":2},"end":{"line":13,"column":3}},"6":{"start":{"line":8,"column":20},"end":{"line":8,"column":65}},"7":{"start":{"line":9,"column":4},"end":{"line":9,"column":34}},"8":{"start":{"line":12,"column":4},"end":{"line":12,"column":54}},"9":{"start":{"line":16,"column":20},"end":{"line":26,"column":1}},"10":{"start":{"line":17,"column":33},"end":{"line":17,"column":43}},"11":{"start":{"line":18,"column":15},"end":{"line":18,"column":23}},"12":{"start":{"line":19,"column":2},"end":{"line":25,"column":3}},"13":{"start":{"line":20,"column":20},"end":{"line":20,"column":76}},"14":{"start":{"line":21,"column":4},"end":{"line":21,"column":34}},"15":{"start":{"line":24,"column":4},"end":{"line":24,"column":54}},"16":{"start":{"line":28,"column":20},"end":{"line":38,"column":1}},"17":{"start":{"line":29,"column":35},"end":{"line":29,"column":45}},"18":{"start":{"line":30,"column":2},"end":{"line":37,"column":3}},"19":{"start":{"line":31,"column":20},"end":{"line":31,"column":72}},"20":{"start":{"line":32,"column":4},"end":{"line":32,"column":34}},"21":{"start":{"line":35,"column":4},"end":{"line":35,"column":21}},"22":{"start":{"line":36,"column":4},"end":{"line":36,"column":54}},"23":{"start":{"line":40,"column":0},"end":{"line":40,"column":56}}},"fnMap":{"0":{"name":"(anonymous_0)","decl":{"start":{"line":3,"column":17},"end":{"line":3,"column":18}},"loc":{"start":{"line":3,"column":37},"end":{"line":14,"column":1}},"line":3},"1":{"name":"(anonymous_1)","decl":{"start":{"line":16,"column":20},"end":{"line":16,"column":21}},"loc":{"start":{"line":16,"column":40},"end":{"line":26,"column":1}},"line":16},"2":{"name":"(anonymous_2)","decl":{"start":{"line":28,"column":20},"end":{"line":28,"column":21}},"loc":{"start":{"line":28,"column":40},"end":{"line":38,"column":1}},"line":28}},"branchMap":{},"s":{"0":1,"1":1,"2":2,"3":2,"4":2,"5":2,"6":2,"7":1,"8":1,"9":1,"10":2,"11":2,"12":2,"13":2,"14":1,"15":1,"16":1,"17":2,"18":2,"19":2,"20":1,"21":1,"22":1,"23":1},"f":{"0":2,"1":2,"2":2},"b":{},"_coverageSchema":"1a1c01bbd47fc00a2c39e90264f33305004495a9","hash":"71ba24ba7239a72effc9f8e744bbfe1433be10ae"}
,"/Users/Varun_Kumar/Desktop/end-to-end-eval/end-to-end-backend/src/middlewares/auth.js": {"path":"/Users/Varun_Kumar/Desktop/end-to-end-eval/end-to-end-backend/src/middlewares/auth.js","statementMap":{"0":{"start":{"line":1,"column":14},"end":{"line":1,"column":30}},"1":{"start":{"line":3,"column":25},"end":{"line":23,"column":1}},"2":{"start":{"line":4,"column":16},"end":{"line":4,"column":41}},"3":{"start":{"line":5,"column":2},"end":{"line":5,"column":21}},"4":{"start":{"line":7,"column":2},"end":{"line":21,"column":3}},"5":{"start":{"line":8,"column":4},"end":{"line":8,"column":23}},"6":{"start":{"line":9,"column":21},"end":{"line":13,"column":6}},"7":{"start":{"line":14,"column":4},"end":{"line":14,"column":31}},"8":{"start":{"line":15,"column":4},"end":{"line":15,"column":34}},"9":{"start":{"line":16,"column":4},"end":{"line":16,"column":11}},"10":{"start":{"line":20,"column":4},"end":{"line":20,"column":45}},"11":{"start":{"line":25,"column":0},"end":{"line":25,"column":34}}},"fnMap":{"0":{"name":"(anonymous_0)","decl":{"start":{"line":3,"column":25},"end":{"line":3,"column":26}},"loc":{"start":{"line":3,"column":51},"end":{"line":23,"column":1}},"line":3}},"branchMap":{},"s":{"0":1,"1":1,"2":2,"3":2,"4":2,"5":2,"6":2,"7":1,"8":1,"9":1,"10":1,"11":1},"f":{"0":2},"b":{},"_coverageSchema":"1a1c01bbd47fc00a2c39e90264f33305004495a9","hash":"ae9acbc27159917508ea099186b8efaedfced0cc"}
,"/Users/Varun_Kumar/Desktop/end-to-end-eval/end-to-end-backend/src/models/collection.js": {"path":"/Users/Varun_Kumar/Desktop/end-to-end-eval/end-to-end-backend/src/models/collection.js","statementMap":{"0":{"start":{"line":4,"column":4},"end":{"line":4,"column":24}},"1":{"start":{"line":5,"column":0},"end":{"line":24,"column":2}},"2":{"start":{"line":14,"column":6},"end":{"line":14,"column":77}},"3":{"start":{"line":17,"column":2},"end":{"line":22,"column":5}},"4":{"start":{"line":23,"column":2},"end":{"line":23,"column":20}}},"fnMap":{"0":{"name":"(anonymous_0)","decl":{"start":{"line":5,"column":17},"end":{"line":5,"column":18}},"loc":{"start":{"line":5,"column":43},"end":{"line":24,"column":1}},"line":5},"1":{"name":"(anonymous_1)","decl":{"start":{"line":12,"column":4},"end":{"line":12,"column":5}},"loc":{"start":{"line":12,"column":29},"end":{"line":15,"column":5}},"line":12}},"branchMap":{},"s":{"0":6,"1":6,"2":6,"3":6,"4":6},"f":{"0":6,"1":6},"b":{},"_coverageSchema":"1a1c01bbd47fc00a2c39e90264f33305004495a9","hash":"2f08c821764e211e216e905864a89757fb274073"}
,"/Users/Varun_Kumar/Desktop/end-to-end-eval/end-to-end-backend/src/models/content.js": {"path":"/Users/Varun_Kumar/Desktop/end-to-end-eval/end-to-end-backend/src/models/content.js","statementMap":{"0":{"start":{"line":4,"column":4},"end":{"line":4,"column":24}},"1":{"start":{"line":5,"column":0},"end":{"line":25,"column":2}},"2":{"start":{"line":14,"column":6},"end":{"line":14,"column":75}},"3":{"start":{"line":17,"column":2},"end":{"line":23,"column":5}},"4":{"start":{"line":24,"column":2},"end":{"line":24,"column":17}}},"fnMap":{"0":{"name":"(anonymous_0)","decl":{"start":{"line":5,"column":17},"end":{"line":5,"column":18}},"loc":{"start":{"line":5,"column":43},"end":{"line":25,"column":1}},"line":5},"1":{"name":"(anonymous_1)","decl":{"start":{"line":12,"column":4},"end":{"line":12,"column":5}},"loc":{"start":{"line":12,"column":29},"end":{"line":15,"column":5}},"line":12}},"branchMap":{},"s":{"0":6,"1":6,"2":6,"3":6,"4":6},"f":{"0":6,"1":6},"b":{},"_coverageSchema":"1a1c01bbd47fc00a2c39e90264f33305004495a9","hash":"e704bcf669e7180ba060104c852933719ba259d2"}
,"/Users/Varun_Kumar/Desktop/end-to-end-eval/end-to-end-backend/src/models/index.js": {"path":"/Users/Varun_Kumar/Desktop/end-to-end-eval/end-to-end-backend/src/models/index.js","statementMap":{"0":{"start":{"line":3,"column":11},"end":{"line":3,"column":24}},"1":{"start":{"line":4,"column":13},"end":{"line":4,"column":28}},"2":{"start":{"line":5,"column":18},"end":{"line":5,"column":38}},"3":{"start":{"line":6,"column":16},"end":{"line":6,"column":34}},"4":{"start":{"line":7,"column":17},"end":{"line":7,"column":42}},"5":{"start":{"line":8,"column":12},"end":{"line":8,"column":49}},"6":{"start":{"line":9,"column":15},"end":{"line":9,"column":59}},"7":{"start":{"line":10,"column":11},"end":{"line":10,"column":13}},"8":{"start":{"line":13,"column":0},"end":{"line":17,"column":1}},"9":{"start":{"line":14,"column":2},"end":{"line":14,"column":74}},"10":{"start":{"line":16,"column":2},"end":{"line":16,"column":87}},"11":{"start":{"line":19,"column":0},"end":{"line":32,"column":5}},"12":{"start":{"line":22,"column":4},"end":{"line":27,"column":6}},"13":{"start":{"line":30,"column":18},"end":{"line":30,"column":85}},"14":{"start":{"line":31,"column":4},"end":{"line":31,"column":27}},"15":{"start":{"line":34,"column":0},"end":{"line":38,"column":3}},"16":{"start":{"line":35,"column":2},"end":{"line":37,"column":3}},"17":{"start":{"line":36,"column":4},"end":{"line":36,"column":32}},"18":{"start":{"line":40,"column":0},"end":{"line":40,"column":25}},"19":{"start":{"line":41,"column":0},"end":{"line":41,"column":25}},"20":{"start":{"line":43,"column":0},"end":{"line":43,"column":20}}},"fnMap":{"0":{"name":"(anonymous_0)","decl":{"start":{"line":21,"column":10},"end":{"line":21,"column":11}},"loc":{"start":{"line":21,"column":18},"end":{"line":28,"column":3}},"line":21},"1":{"name":"(anonymous_1)","decl":{"start":{"line":29,"column":11},"end":{"line":29,"column":12}},"loc":{"start":{"line":29,"column":19},"end":{"line":32,"column":3}},"line":29},"2":{"name":"(anonymous_2)","decl":{"start":{"line":34,"column":24},"end":{"line":34,"column":25}},"loc":{"start":{"line":34,"column":37},"end":{"line":38,"column":1}},"line":34}},"branchMap":{"0":{"loc":{"start":{"line":8,"column":12},"end":{"line":8,"column":49}},"type":"binary-expr","locations":[{"start":{"line":8,"column":12},"end":{"line":8,"column":32}},{"start":{"line":8,"column":36},"end":{"line":8,"column":49}}],"line":8},"1":{"loc":{"start":{"line":13,"column":0},"end":{"line":17,"column":1}},"type":"if","locations":[{"start":{"line":13,"column":0},"end":{"line":17,"column":1}},{"start":{"line":15,"column":7},"end":{"line":17,"column":1}}],"line":13},"2":{"loc":{"start":{"line":23,"column":6},"end":{"line":26,"column":37}},"type":"binary-expr","locations":[{"start":{"line":23,"column":6},"end":{"line":23,"column":29}},{"start":{"line":24,"column":6},"end":{"line":24,"column":23}},{"start":{"line":25,"column":6},"end":{"line":25,"column":30}},{"start":{"line":26,"column":6},"end":{"line":26,"column":37}}],"line":23},"3":{"loc":{"start":{"line":35,"column":2},"end":{"line":37,"column":3}},"type":"if","locations":[{"start":{"line":35,"column":2},"end":{"line":37,"column":3}},{"start":{},"end":{}}],"line":35}},"s":{"0":6,"1":6,"2":6,"3":6,"4":6,"5":6,"6":6,"7":6,"8":6,"9":0,"10":6,"11":6,"12":18,"13":12,"14":12,"15":6,"16":12,"17":12,"18":6,"19":6,"20":6},"f":{"0":18,"1":12,"2":12},"b":{"0":[6,0],"1":[0,6],"2":[18,18,12,12],"3":[12,0]},"_coverageSchema":"1a1c01bbd47fc00a2c39e90264f33305004495a9","hash":"3a97b016d9162737883d6725a638f98a5035af52"}
,"/Users/Varun_Kumar/Desktop/end-to-end-eval/end-to-end-backend/src/services/collections.js": {"path":"/Users/Varun_Kumar/Desktop/end-to-end-eval/end-to-end-backend/src/services/collections.js","statementMap":{"0":{"start":{"line":1,"column":30},"end":{"line":1,"column":50}},"1":{"start":{"line":2,"column":18},"end":{"line":2,"column":54}},"2":{"start":{"line":4,"column":26},"end":{"line":7,"column":1}},"3":{"start":{"line":5,"column":22},"end":{"line":5,"column":68}},"4":{"start":{"line":6,"column":2},"end":{"line":6,"column":21}},"5":{"start":{"line":9,"column":26},"end":{"line":13,"column":1}},"6":{"start":{"line":10,"column":21},"end":{"line":10,"column":85}},"7":{"start":{"line":11,"column":2},"end":{"line":11,"column":67}},"8":{"start":{"line":11,"column":18},"end":{"line":11,"column":67}},"9":{"start":{"line":12,"column":2},"end":{"line":12,"column":20}},"10":{"start":{"line":15,"column":25},"end":{"line":20,"column":1}},"11":{"start":{"line":16,"column":18},"end":{"line":16,"column":51}},"12":{"start":{"line":17,"column":21},"end":{"line":17,"column":50}},"13":{"start":{"line":18,"column":2},"end":{"line":18,"column":61}},"14":{"start":{"line":18,"column":15},"end":{"line":18,"column":61}},"15":{"start":{"line":19,"column":2},"end":{"line":19,"column":49}},"16":{"start":{"line":21,"column":25},"end":{"line":25,"column":1}},"17":{"start":{"line":22,"column":21},"end":{"line":22,"column":90}},"18":{"start":{"line":23,"column":2},"end":{"line":23,"column":75}},"19":{"start":{"line":23,"column":26},"end":{"line":23,"column":75}},"20":{"start":{"line":24,"column":2},"end":{"line":24,"column":20}},"21":{"start":{"line":26,"column":25},"end":{"line":30,"column":1}},"22":{"start":{"line":27,"column":21},"end":{"line":27,"column":85}},"23":{"start":{"line":28,"column":2},"end":{"line":28,"column":72}},"24":{"start":{"line":28,"column":23},"end":{"line":28,"column":72}},"25":{"start":{"line":29,"column":2},"end":{"line":29,"column":20}},"26":{"start":{"line":32,"column":0},"end":{"line":32,"column":112}}},"fnMap":{"0":{"name":"(anonymous_0)","decl":{"start":{"line":4,"column":26},"end":{"line":4,"column":27}},"loc":{"start":{"line":4,"column":47},"end":{"line":7,"column":1}},"line":4},"1":{"name":"(anonymous_1)","decl":{"start":{"line":9,"column":26},"end":{"line":9,"column":27}},"loc":{"start":{"line":9,"column":61},"end":{"line":13,"column":1}},"line":9},"2":{"name":"(anonymous_2)","decl":{"start":{"line":15,"column":25},"end":{"line":15,"column":26}},"loc":{"start":{"line":15,"column":52},"end":{"line":20,"column":1}},"line":15},"3":{"name":"(anonymous_3)","decl":{"start":{"line":21,"column":25},"end":{"line":21,"column":26}},"loc":{"start":{"line":21,"column":66},"end":{"line":25,"column":1}},"line":21},"4":{"name":"(anonymous_4)","decl":{"start":{"line":26,"column":25},"end":{"line":26,"column":26}},"loc":{"start":{"line":26,"column":60},"end":{"line":30,"column":1}},"line":26}},"branchMap":{"0":{"loc":{"start":{"line":11,"column":2},"end":{"line":11,"column":67}},"type":"if","locations":[{"start":{"line":11,"column":2},"end":{"line":11,"column":67}},{"start":{},"end":{}}],"line":11},"1":{"loc":{"start":{"line":18,"column":2},"end":{"line":18,"column":61}},"type":"if","locations":[{"start":{"line":18,"column":2},"end":{"line":18,"column":61}},{"start":{},"end":{}}],"line":18},"2":{"loc":{"start":{"line":23,"column":2},"end":{"line":23,"column":75}},"type":"if","locations":[{"start":{"line":23,"column":2},"end":{"line":23,"column":75}},{"start":{},"end":{}}],"line":23},"3":{"loc":{"start":{"line":28,"column":2},"end":{"line":28,"column":72}},"type":"if","locations":[{"start":{"line":28,"column":2},"end":{"line":28,"column":72}},{"start":{},"end":{}}],"line":28}},"s":{"0":2,"1":2,"2":2,"3":1,"4":1,"5":2,"6":2,"7":2,"8":1,"9":1,"10":2,"11":2,"12":2,"13":2,"14":1,"15":1,"16":2,"17":2,"18":2,"19":1,"20":1,"21":2,"22":2,"23":2,"24":1,"25":1,"26":2},"f":{"0":1,"1":2,"2":2,"3":2,"4":2},"b":{"0":[1,1],"1":[1,1],"2":[1,1],"3":[1,1]},"_coverageSchema":"1a1c01bbd47fc00a2c39e90264f33305004495a9","hash":"215f5207a5337b8cccea9f277bd922fb07433f9d"}
,"/Users/Varun_Kumar/Desktop/end-to-end-eval/end-to-end-backend/src/services/contents.js": {"path":"/Users/Varun_Kumar/Desktop/end-to-end-eval/end-to-end-backend/src/services/contents.js","statementMap":{"0":{"start":{"line":1,"column":18},"end":{"line":1,"column":38}},"1":{"start":{"line":2,"column":18},"end":{"line":2,"column":54}},"2":{"start":{"line":4,"column":23},"end":{"line":7,"column":1}},"3":{"start":{"line":5,"column":19},"end":{"line":5,"column":42}},"4":{"start":{"line":6,"column":2},"end":{"line":6,"column":18}},"5":{"start":{"line":8,"column":23},"end":{"line":14,"column":1}},"6":{"start":{"line":9,"column":18},"end":{"line":9,"column":44}},"7":{"start":{"line":10,"column":2},"end":{"line":12,"column":3}},"8":{"start":{"line":11,"column":4},"end":{"line":11,"column":50}},"9":{"start":{"line":13,"column":2},"end":{"line":13,"column":17}},"10":{"start":{"line":15,"column":22},"end":{"line":22,"column":1}},"11":{"start":{"line":16,"column":15},"end":{"line":19,"column":3}},"12":{"start":{"line":20,"column":21},"end":{"line":20,"column":47}},"13":{"start":{"line":21,"column":2},"end":{"line":21,"column":20}},"14":{"start":{"line":23,"column":26},"end":{"line":32,"column":1}},"15":{"start":{"line":24,"column":15},"end":{"line":26,"column":3}},"16":{"start":{"line":27,"column":25},"end":{"line":27,"column":66}},"17":{"start":{"line":28,"column":2},"end":{"line":30,"column":3}},"18":{"start":{"line":29,"column":4},"end":{"line":29,"column":50}},"19":{"start":{"line":31,"column":2},"end":{"line":31,"column":24}},"20":{"start":{"line":34,"column":0},"end":{"line":34,"column":86}}},"fnMap":{"0":{"name":"(anonymous_0)","decl":{"start":{"line":4,"column":23},"end":{"line":4,"column":24}},"loc":{"start":{"line":4,"column":35},"end":{"line":7,"column":1}},"line":4},"1":{"name":"(anonymous_1)","decl":{"start":{"line":8,"column":23},"end":{"line":8,"column":24}},"loc":{"start":{"line":8,"column":37},"end":{"line":14,"column":1}},"line":8},"2":{"name":"(anonymous_2)","decl":{"start":{"line":15,"column":22},"end":{"line":15,"column":23}},"loc":{"start":{"line":15,"column":41},"end":{"line":22,"column":1}},"line":15},"3":{"name":"(anonymous_3)","decl":{"start":{"line":23,"column":26},"end":{"line":23,"column":27}},"loc":{"start":{"line":23,"column":49},"end":{"line":32,"column":1}},"line":23}},"branchMap":{"0":{"loc":{"start":{"line":10,"column":2},"end":{"line":12,"column":3}},"type":"if","locations":[{"start":{"line":10,"column":2},"end":{"line":12,"column":3}},{"start":{},"end":{}}],"line":10},"1":{"loc":{"start":{"line":28,"column":2},"end":{"line":30,"column":3}},"type":"if","locations":[{"start":{"line":28,"column":2},"end":{"line":30,"column":3}},{"start":{},"end":{}}],"line":28}},"s":{"0":2,"1":2,"2":2,"3":1,"4":1,"5":2,"6":2,"7":2,"8":1,"9":1,"10":2,"11":1,"12":1,"13":1,"14":2,"15":2,"16":2,"17":2,"18":1,"19":1,"20":2},"f":{"0":1,"1":2,"2":1,"3":2},"b":{"0":[1,1],"1":[1,1]},"_coverageSchema":"1a1c01bbd47fc00a2c39e90264f33305004495a9","hash":"f154d7db28c33f994161634a12cf76318f7dbe30"}
,"/Users/Varun_Kumar/Desktop/end-to-end-eval/end-to-end-backend/src/services/fields.js": {"path":"/Users/Varun_Kumar/Desktop/end-to-end-eval/end-to-end-backend/src/services/fields.js","statementMap":{"0":{"start":{"line":1,"column":30},"end":{"line":1,"column":50}},"1":{"start":{"line":2,"column":18},"end":{"line":2,"column":54}},"2":{"start":{"line":4,"column":17},"end":{"line":18,"column":1}},"3":{"start":{"line":5,"column":18},"end":{"line":5,"column":44}},"4":{"start":{"line":6,"column":17},"end":{"line":6,"column":31}},"5":{"start":{"line":7,"column":2},"end":{"line":9,"column":3}},"6":{"start":{"line":8,"column":4},"end":{"line":8,"column":53}},"7":{"start":{"line":10,"column":2},"end":{"line":10,"column":34}},"8":{"start":{"line":11,"column":25},"end":{"line":11,"column":70}},"9":{"start":{"line":13,"column":22},"end":{"line":13,"column":52}},"10":{"start":{"line":14,"column":2},"end":{"line":16,"column":5}},"11":{"start":{"line":15,"column":4},"end":{"line":15,"column":110}},"12":{"start":{"line":17,"column":2},"end":{"line":17,"column":24}},"13":{"start":{"line":20,"column":20},"end":{"line":42,"column":1}},"14":{"start":{"line":21,"column":26},"end":{"line":21,"column":30}},"15":{"start":{"line":22,"column":18},"end":{"line":22,"column":44}},"16":{"start":{"line":23,"column":17},"end":{"line":23,"column":31}},"17":{"start":{"line":24,"column":2},"end":{"line":26,"column":3}},"18":{"start":{"line":25,"column":4},"end":{"line":25,"column":53}},"19":{"start":{"line":27,"column":2},"end":{"line":29,"column":3}},"20":{"start":{"line":28,"column":4},"end":{"line":28,"column":53}},"21":{"start":{"line":30,"column":2},"end":{"line":30,"column":25}},"22":{"start":{"line":31,"column":2},"end":{"line":31,"column":25}},"23":{"start":{"line":32,"column":25},"end":{"line":32,"column":70}},"24":{"start":{"line":34,"column":22},"end":{"line":34,"column":52}},"25":{"start":{"line":35,"column":2},"end":{"line":40,"column":5}},"26":{"start":{"line":36,"column":19},"end":{"line":36,"column":36}},"27":{"start":{"line":37,"column":4},"end":{"line":37,"column":38}},"28":{"start":{"line":38,"column":4},"end":{"line":38,"column":27}},"29":{"start":{"line":39,"column":4},"end":{"line":39,"column":68}},"30":{"start":{"line":41,"column":2},"end":{"line":41,"column":24}},"31":{"start":{"line":44,"column":20},"end":{"line":60,"column":1}},"32":{"start":{"line":45,"column":18},"end":{"line":45,"column":44}},"33":{"start":{"line":46,"column":17},"end":{"line":46,"column":31}},"34":{"start":{"line":47,"column":2},"end":{"line":49,"column":3}},"35":{"start":{"line":48,"column":4},"end":{"line":48,"column":53}},"36":{"start":{"line":50,"column":2},"end":{"line":50,"column":22}},"37":{"start":{"line":51,"column":25},"end":{"line":51,"column":70}},"38":{"start":{"line":53,"column":22},"end":{"line":53,"column":52}},"39":{"start":{"line":54,"column":2},"end":{"line":58,"column":5}},"40":{"start":{"line":55,"column":19},"end":{"line":55,"column":36}},"41":{"start":{"line":56,"column":4},"end":{"line":56,"column":24}},"42":{"start":{"line":57,"column":4},"end":{"line":57,"column":68}},"43":{"start":{"line":59,"column":2},"end":{"line":59,"column":24}},"44":{"start":{"line":62,"column":0},"end":{"line":62,"column":55}}},"fnMap":{"0":{"name":"(anonymous_0)","decl":{"start":{"line":4,"column":17},"end":{"line":4,"column":18}},"loc":{"start":{"line":4,"column":38},"end":{"line":18,"column":1}},"line":4},"1":{"name":"(anonymous_1)","decl":{"start":{"line":14,"column":22},"end":{"line":14,"column":23}},"loc":{"start":{"line":14,"column":42},"end":{"line":16,"column":3}},"line":14},"2":{"name":"(anonymous_2)","decl":{"start":{"line":20,"column":20},"end":{"line":20,"column":21}},"loc":{"start":{"line":20,"column":49},"end":{"line":42,"column":1}},"line":20},"3":{"name":"(anonymous_3)","decl":{"start":{"line":35,"column":22},"end":{"line":35,"column":23}},"loc":{"start":{"line":35,"column":42},"end":{"line":40,"column":3}},"line":35},"4":{"name":"(anonymous_4)","decl":{"start":{"line":44,"column":20},"end":{"line":44,"column":21}},"loc":{"start":{"line":44,"column":40},"end":{"line":60,"column":1}},"line":44},"5":{"name":"(anonymous_5)","decl":{"start":{"line":54,"column":22},"end":{"line":54,"column":23}},"loc":{"start":{"line":54,"column":42},"end":{"line":58,"column":3}},"line":54}},"branchMap":{"0":{"loc":{"start":{"line":7,"column":2},"end":{"line":9,"column":3}},"type":"if","locations":[{"start":{"line":7,"column":2},"end":{"line":9,"column":3}},{"start":{},"end":{}}],"line":7},"1":{"loc":{"start":{"line":24,"column":2},"end":{"line":26,"column":3}},"type":"if","locations":[{"start":{"line":24,"column":2},"end":{"line":26,"column":3}},{"start":{},"end":{}}],"line":24},"2":{"loc":{"start":{"line":27,"column":2},"end":{"line":29,"column":3}},"type":"if","locations":[{"start":{"line":27,"column":2},"end":{"line":29,"column":3}},{"start":{},"end":{}}],"line":27},"3":{"loc":{"start":{"line":47,"column":2},"end":{"line":49,"column":3}},"type":"if","locations":[{"start":{"line":47,"column":2},"end":{"line":49,"column":3}},{"start":{},"end":{}}],"line":47}},"s":{"0":2,"1":2,"2":2,"3":2,"4":2,"5":2,"6":1,"7":1,"8":1,"9":1,"10":1,"11":1,"12":1,"13":2,"14":3,"15":3,"16":3,"17":3,"18":1,"19":2,"20":1,"21":1,"22":1,"23":1,"24":1,"25":1,"26":1,"27":1,"28":1,"29":1,"30":1,"31":2,"32":2,"33":2,"34":2,"35":1,"36":1,"37":1,"38":1,"39":1,"40":1,"41":1,"42":1,"43":1,"44":2},"f":{"0":2,"1":1,"2":3,"3":1,"4":2,"5":1},"b":{"0":[1,1],"1":[1,2],"2":[1,1],"3":[1,1]},"_coverageSchema":"1a1c01bbd47fc00a2c39e90264f33305004495a9","hash":"c4bbd48d20aedcd77663660a632428b82aeb6eab"}
,"/Users/Varun_Kumar/Desktop/end-to-end-eval/end-to-end-backend/src/utils/errors/HTTPError.js": {"path":"/Users/Varun_Kumar/Desktop/end-to-end-eval/end-to-end-backend/src/utils/errors/HTTPError.js","statementMap":{"0":{"start":{"line":3,"column":4},"end":{"line":3,"column":19}},"1":{"start":{"line":4,"column":4},"end":{"line":4,"column":27}},"2":{"start":{"line":5,"column":4},"end":{"line":5,"column":21}},"3":{"start":{"line":9,"column":0},"end":{"line":9,"column":27}}},"fnMap":{"0":{"name":"(anonymous_0)","decl":{"start":{"line":2,"column":2},"end":{"line":2,"column":3}},"loc":{"start":{"line":2,"column":28},"end":{"line":6,"column":3}},"line":2}},"branchMap":{},"s":{"0":10,"1":10,"2":10,"3":6},"f":{"0":10},"b":{},"_coverageSchema":"1a1c01bbd47fc00a2c39e90264f33305004495a9","hash":"a6cec94cbd8cf9faa39b2137a35cb77904fdbe7c"}
}
